{"/home/akiyama/Documents/Github/MyCode/JS/Data structures/Binary trees/binary tree.js": {"path":"/home/akiyama/Documents/Github/MyCode/JS/Data structures/Binary trees/binary tree.js","statementMap":{"0":{"start":{"line":3,"column":8},"end":{"line":3,"column":29}},"1":{"start":{"line":4,"column":8},"end":{"line":4,"column":27}},"2":{"start":{"line":5,"column":8},"end":{"line":5,"column":18}},"3":{"start":{"line":6,"column":8},"end":{"line":6,"column":19}},"4":{"start":{"line":12,"column":8},"end":{"line":12,"column":30}},"5":{"start":{"line":23,"column":8},"end":{"line":23,"column":73}},"6":{"start":{"line":23,"column":25},"end":{"line":23,"column":64}},"7":{"start":{"line":23,"column":65},"end":{"line":23,"column":72}},"8":{"start":{"line":25,"column":18},"end":{"line":25,"column":51}},"9":{"start":{"line":26,"column":8},"end":{"line":27,"column":46}},"10":{"start":{"line":26,"column":31},"end":{"line":26,"column":63}},"11":{"start":{"line":27,"column":13},"end":{"line":27,"column":46}},"12":{"start":{"line":37,"column":8},"end":{"line":38,"column":20}},"13":{"start":{"line":37,"column":33},"end":{"line":37,"column":42}},"14":{"start":{"line":38,"column":13},"end":{"line":38,"column":20}},"15":{"start":{"line":40,"column":8},"end":{"line":40,"column":49}},"16":{"start":{"line":40,"column":32},"end":{"line":40,"column":49}},"17":{"start":{"line":41,"column":8},"end":{"line":52,"column":9}},"18":{"start":{"line":42,"column":12},"end":{"line":42,"column":33}},"19":{"start":{"line":43,"column":12},"end":{"line":51,"column":13}},"20":{"start":{"line":43,"column":45},"end":{"line":43,"column":60}},"21":{"start":{"line":44,"column":17},"end":{"line":51,"column":13}},"22":{"start":{"line":44,"column":51},"end":{"line":44,"column":67}},"23":{"start":{"line":46,"column":16},"end":{"line":50,"column":17}},"24":{"start":{"line":46,"column":40},"end":{"line":46,"column":51}},"25":{"start":{"line":48,"column":20},"end":{"line":49,"column":36}},"26":{"start":{"line":48,"column":37},"end":{"line":48,"column":54}},"27":{"start":{"line":49,"column":25},"end":{"line":49,"column":36}},"28":{"start":{"line":64,"column":18},"end":{"line":64,"column":46}},"29":{"start":{"line":65,"column":8},"end":{"line":65,"column":25}},"30":{"start":{"line":65,"column":18},"end":{"line":65,"column":25}},"31":{"start":{"line":67,"column":8},"end":{"line":83,"column":81}},"32":{"start":{"line":68,"column":26},"end":{"line":68,"column":35}},"33":{"start":{"line":69,"column":12},"end":{"line":69,"column":56}},"34":{"start":{"line":69,"column":33},"end":{"line":69,"column":56}},"35":{"start":{"line":70,"column":12},"end":{"line":70,"column":38}},"36":{"start":{"line":72,"column":12},"end":{"line":72,"column":86}},"37":{"start":{"line":74,"column":13},"end":{"line":83,"column":81}},"38":{"start":{"line":75,"column":22},"end":{"line":75,"column":52}},"39":{"start":{"line":76,"column":12},"end":{"line":80,"column":13}},"40":{"start":{"line":76,"column":34},"end":{"line":76,"column":60}},"41":{"start":{"line":78,"column":16},"end":{"line":78,"column":83}},"42":{"start":{"line":79,"column":16},"end":{"line":79,"column":44}},"43":{"start":{"line":83,"column":12},"end":{"line":83,"column":81}},"44":{"start":{"line":90,"column":12},"end":{"line":90,"column":40}},"45":{"start":{"line":90,"column":26},"end":{"line":90,"column":40}},"46":{"start":{"line":91,"column":23},"end":{"line":91,"column":51}},"47":{"start":{"line":92,"column":24},"end":{"line":92,"column":53}},"48":{"start":{"line":93,"column":12},"end":{"line":93,"column":49}},"49":{"start":{"line":95,"column":8},"end":{"line":95,"column":34}},"50":{"start":{"line":106,"column":12},"end":{"line":112,"column":13}},"51":{"start":{"line":107,"column":16},"end":{"line":107,"column":59}},"52":{"start":{"line":107,"column":44},"end":{"line":107,"column":59}},"53":{"start":{"line":108,"column":29},"end":{"line":108,"column":56}},"54":{"start":{"line":109,"column":16},"end":{"line":109,"column":42}},"55":{"start":{"line":109,"column":28},"end":{"line":109,"column":42}},"56":{"start":{"line":110,"column":16},"end":{"line":110,"column":54}},"57":{"start":{"line":111,"column":16},"end":{"line":111,"column":42}},"58":{"start":{"line":111,"column":28},"end":{"line":111,"column":42}},"59":{"start":{"line":114,"column":8},"end":{"line":114,"column":40}},"60":{"start":{"line":125,"column":12},"end":{"line":131,"column":13}},"61":{"start":{"line":126,"column":29},"end":{"line":126,"column":56}},"62":{"start":{"line":127,"column":16},"end":{"line":127,"column":42}},"63":{"start":{"line":127,"column":28},"end":{"line":127,"column":42}},"64":{"start":{"line":128,"column":16},"end":{"line":128,"column":54}},"65":{"start":{"line":129,"column":16},"end":{"line":129,"column":42}},"66":{"start":{"line":129,"column":28},"end":{"line":129,"column":42}},"67":{"start":{"line":130,"column":16},"end":{"line":130,"column":59}},"68":{"start":{"line":130,"column":44},"end":{"line":130,"column":59}},"69":{"start":{"line":133,"column":8},"end":{"line":133,"column":40}},"70":{"start":{"line":144,"column":12},"end":{"line":150,"column":13}},"71":{"start":{"line":145,"column":29},"end":{"line":145,"column":56}},"72":{"start":{"line":146,"column":16},"end":{"line":146,"column":42}},"73":{"start":{"line":146,"column":28},"end":{"line":146,"column":42}},"74":{"start":{"line":147,"column":16},"end":{"line":147,"column":54}},"75":{"start":{"line":148,"column":16},"end":{"line":148,"column":42}},"76":{"start":{"line":148,"column":28},"end":{"line":148,"column":42}},"77":{"start":{"line":149,"column":16},"end":{"line":149,"column":59}},"78":{"start":{"line":149,"column":44},"end":{"line":149,"column":59}},"79":{"start":{"line":152,"column":8},"end":{"line":152,"column":40}},"80":{"start":{"line":161,"column":12},"end":{"line":169,"column":13}},"81":{"start":{"line":162,"column":26},"end":{"line":162,"column":28}},"82":{"start":{"line":164,"column":16},"end":{"line":164,"column":43}},"83":{"start":{"line":165,"column":16},"end":{"line":165,"column":48}},"84":{"start":{"line":165,"column":28},"end":{"line":165,"column":48}},"85":{"start":{"line":166,"column":16},"end":{"line":166,"column":44}},"86":{"start":{"line":167,"column":16},"end":{"line":167,"column":48}},"87":{"start":{"line":167,"column":28},"end":{"line":167,"column":48}},"88":{"start":{"line":168,"column":16},"end":{"line":168,"column":39}},"89":{"start":{"line":171,"column":8},"end":{"line":171,"column":34}},"90":{"start":{"line":180,"column":12},"end":{"line":180,"column":36}},"91":{"start":{"line":180,"column":26},"end":{"line":180,"column":36}},"92":{"start":{"line":181,"column":20},"end":{"line":181,"column":22}},"93":{"start":{"line":182,"column":12},"end":{"line":182,"column":27}},"94":{"start":{"line":183,"column":12},"end":{"line":183,"column":56}},"95":{"start":{"line":184,"column":12},"end":{"line":184,"column":57}},"96":{"start":{"line":184,"column":25},"end":{"line":184,"column":30}},"97":{"start":{"line":184,"column":48},"end":{"line":184,"column":57}},"98":{"start":{"line":185,"column":12},"end":{"line":185,"column":58}},"99":{"start":{"line":186,"column":12},"end":{"line":186,"column":55}},"100":{"start":{"line":187,"column":12},"end":{"line":187,"column":23}},"101":{"start":{"line":189,"column":8},"end":{"line":189,"column":40}},"102":{"start":{"line":195,"column":22},"end":{"line":195,"column":23}},"103":{"start":{"line":196,"column":12},"end":{"line":200,"column":13}},"104":{"start":{"line":197,"column":16},"end":{"line":197,"column":37}},"105":{"start":{"line":198,"column":16},"end":{"line":198,"column":38}},"106":{"start":{"line":199,"column":16},"end":{"line":199,"column":31}},"107":{"start":{"line":201,"column":12},"end":{"line":201,"column":23}},"108":{"start":{"line":203,"column":8},"end":{"line":203,"column":30}},"109":{"start":{"line":208,"column":0},"end":{"line":208,"column":17}},"110":{"start":{"line":209,"column":0},"end":{"line":209,"column":19}}},"fnMap":{"0":{"name":"(anonymous_0)","decl":{"start":{"line":2,"column":4},"end":{"line":2,"column":5}},"loc":{"start":{"line":2,"column":32},"end":{"line":7,"column":5}},"line":2},"1":{"name":"(anonymous_1)","decl":{"start":{"line":11,"column":4},"end":{"line":11,"column":5}},"loc":{"start":{"line":11,"column":18},"end":{"line":13,"column":5}},"line":11},"2":{"name":"(anonymous_2)","decl":{"start":{"line":22,"column":4},"end":{"line":22,"column":5}},"loc":{"start":{"line":22,"column":18},"end":{"line":28,"column":5}},"line":22},"3":{"name":"(anonymous_3)","decl":{"start":{"line":36,"column":4},"end":{"line":36,"column":5}},"loc":{"start":{"line":36,"column":51},"end":{"line":53,"column":5}},"line":36},"4":{"name":"(anonymous_4)","decl":{"start":{"line":63,"column":4},"end":{"line":63,"column":5}},"loc":{"start":{"line":63,"column":18},"end":{"line":84,"column":5}},"line":63},"5":{"name":"(anonymous_5)","decl":{"start":{"line":88,"column":4},"end":{"line":88,"column":5}},"loc":{"start":{"line":88,"column":30},"end":{"line":96,"column":5}},"line":88},"6":{"name":"hght","decl":{"start":{"line":89,"column":17},"end":{"line":89,"column":21}},"loc":{"start":{"line":89,"column":39},"end":{"line":94,"column":9}},"line":89},"7":{"name":"(anonymous_7)","decl":{"start":{"line":104,"column":4},"end":{"line":104,"column":5}},"loc":{"start":{"line":104,"column":26},"end":{"line":115,"column":5}},"line":104},"8":{"name":"search","decl":{"start":{"line":105,"column":17},"end":{"line":105,"column":23}},"loc":{"start":{"line":105,"column":40},"end":{"line":113,"column":9}},"line":105},"9":{"name":"(anonymous_9)","decl":{"start":{"line":123,"column":4},"end":{"line":123,"column":5}},"loc":{"start":{"line":123,"column":27},"end":{"line":134,"column":5}},"line":123},"10":{"name":"search","decl":{"start":{"line":124,"column":17},"end":{"line":124,"column":23}},"loc":{"start":{"line":124,"column":40},"end":{"line":132,"column":9}},"line":124},"11":{"name":"(anonymous_11)","decl":{"start":{"line":142,"column":4},"end":{"line":142,"column":5}},"loc":{"start":{"line":142,"column":25},"end":{"line":153,"column":5}},"line":142},"12":{"name":"search","decl":{"start":{"line":143,"column":17},"end":{"line":143,"column":23}},"loc":{"start":{"line":143,"column":40},"end":{"line":151,"column":9}},"line":143},"13":{"name":"(anonymous_13)","decl":{"start":{"line":159,"column":4},"end":{"line":159,"column":5}},"loc":{"start":{"line":159,"column":17},"end":{"line":172,"column":5}},"line":159},"14":{"name":"display","decl":{"start":{"line":160,"column":17},"end":{"line":160,"column":24}},"loc":{"start":{"line":160,"column":30},"end":{"line":170,"column":9}},"line":160},"15":{"name":"(anonymous_15)","decl":{"start":{"line":178,"column":4},"end":{"line":178,"column":5}},"loc":{"start":{"line":178,"column":12},"end":{"line":190,"column":5}},"line":178},"16":{"name":"display","decl":{"start":{"line":179,"column":17},"end":{"line":179,"column":24}},"loc":{"start":{"line":179,"column":48},"end":{"line":188,"column":9}},"line":179},"17":{"name":"(anonymous_17)","decl":{"start":{"line":193,"column":4},"end":{"line":193,"column":5}},"loc":{"start":{"line":193,"column":13},"end":{"line":204,"column":5}},"line":193},"18":{"name":"len","decl":{"start":{"line":194,"column":17},"end":{"line":194,"column":20}},"loc":{"start":{"line":194,"column":26},"end":{"line":202,"column":9}},"line":194}},"branchMap":{"0":{"loc":{"start":{"line":23,"column":8},"end":{"line":23,"column":73}},"type":"if","locations":[{"start":{"line":23,"column":8},"end":{"line":23,"column":73}},{"start":{},"end":{}}],"line":23},"1":{"loc":{"start":{"line":26,"column":8},"end":{"line":27,"column":46}},"type":"if","locations":[{"start":{"line":26,"column":8},"end":{"line":27,"column":46}},{"start":{"line":27,"column":13},"end":{"line":27,"column":46}}],"line":26},"2":{"loc":{"start":{"line":36,"column":24},"end":{"line":36,"column":31}},"type":"default-arg","locations":[{"start":{"line":36,"column":30},"end":{"line":36,"column":31}}],"line":36},"3":{"loc":{"start":{"line":36,"column":33},"end":{"line":36,"column":49}},"type":"default-arg","locations":[{"start":{"line":36,"column":44},"end":{"line":36,"column":49}}],"line":36},"4":{"loc":{"start":{"line":37,"column":8},"end":{"line":38,"column":20}},"type":"if","locations":[{"start":{"line":37,"column":8},"end":{"line":38,"column":20}},{"start":{"line":38,"column":13},"end":{"line":38,"column":20}}],"line":37},"5":{"loc":{"start":{"line":40,"column":8},"end":{"line":40,"column":49}},"type":"if","locations":[{"start":{"line":40,"column":8},"end":{"line":40,"column":49}},{"start":{},"end":{}}],"line":40},"6":{"loc":{"start":{"line":43,"column":12},"end":{"line":51,"column":13}},"type":"if","locations":[{"start":{"line":43,"column":12},"end":{"line":51,"column":13}},{"start":{"line":44,"column":17},"end":{"line":51,"column":13}}],"line":43},"7":{"loc":{"start":{"line":43,"column":16},"end":{"line":43,"column":43}},"type":"binary-expr","locations":[{"start":{"line":43,"column":16},"end":{"line":43,"column":31}},{"start":{"line":43,"column":35},"end":{"line":43,"column":43}}],"line":43},"8":{"loc":{"start":{"line":44,"column":17},"end":{"line":51,"column":13}},"type":"if","locations":[{"start":{"line":44,"column":17},"end":{"line":51,"column":13}},{"start":{"line":45,"column":17},"end":{"line":51,"column":13}}],"line":44},"9":{"loc":{"start":{"line":44,"column":21},"end":{"line":44,"column":49}},"type":"binary-expr","locations":[{"start":{"line":44,"column":21},"end":{"line":44,"column":36}},{"start":{"line":44,"column":40},"end":{"line":44,"column":49}}],"line":44},"10":{"loc":{"start":{"line":46,"column":16},"end":{"line":50,"column":17}},"type":"if","locations":[{"start":{"line":46,"column":16},"end":{"line":50,"column":17}},{"start":{"line":47,"column":21},"end":{"line":50,"column":17}}],"line":46},"11":{"loc":{"start":{"line":48,"column":20},"end":{"line":49,"column":36}},"type":"if","locations":[{"start":{"line":48,"column":20},"end":{"line":49,"column":36}},{"start":{"line":49,"column":25},"end":{"line":49,"column":36}}],"line":48},"12":{"loc":{"start":{"line":65,"column":8},"end":{"line":65,"column":25}},"type":"if","locations":[{"start":{"line":65,"column":8},"end":{"line":65,"column":25}},{"start":{},"end":{}}],"line":65},"13":{"loc":{"start":{"line":67,"column":8},"end":{"line":83,"column":81}},"type":"if","locations":[{"start":{"line":67,"column":8},"end":{"line":83,"column":81}},{"start":{"line":74,"column":13},"end":{"line":83,"column":81}}],"line":67},"14":{"loc":{"start":{"line":67,"column":12},"end":{"line":67,"column":33}},"type":"binary-expr","locations":[{"start":{"line":67,"column":12},"end":{"line":67,"column":20}},{"start":{"line":67,"column":24},"end":{"line":67,"column":33}}],"line":67},"15":{"loc":{"start":{"line":72,"column":27},"end":{"line":72,"column":72}},"type":"cond-expr","locations":[{"start":{"line":72,"column":58},"end":{"line":72,"column":64}},{"start":{"line":72,"column":65},"end":{"line":72,"column":72}}],"line":72},"16":{"loc":{"start":{"line":74,"column":13},"end":{"line":83,"column":81}},"type":"if","locations":[{"start":{"line":74,"column":13},"end":{"line":83,"column":81}},{"start":{"line":83,"column":12},"end":{"line":83,"column":81}}],"line":74},"17":{"loc":{"start":{"line":74,"column":17},"end":{"line":74,"column":38}},"type":"binary-expr","locations":[{"start":{"line":74,"column":17},"end":{"line":74,"column":25}},{"start":{"line":74,"column":29},"end":{"line":74,"column":38}}],"line":74},"18":{"loc":{"start":{"line":75,"column":22},"end":{"line":75,"column":52}},"type":"cond-expr","locations":[{"start":{"line":75,"column":36},"end":{"line":75,"column":43}},{"start":{"line":75,"column":46},"end":{"line":75,"column":52}}],"line":75},"19":{"loc":{"start":{"line":76,"column":12},"end":{"line":80,"column":13}},"type":"if","locations":[{"start":{"line":76,"column":12},"end":{"line":80,"column":13}},{"start":{"line":77,"column":17},"end":{"line":80,"column":13}}],"line":76},"20":{"loc":{"start":{"line":78,"column":27},"end":{"line":78,"column":71}},"type":"cond-expr","locations":[{"start":{"line":78,"column":55},"end":{"line":78,"column":62}},{"start":{"line":78,"column":65},"end":{"line":78,"column":71}}],"line":78},"21":{"loc":{"start":{"line":83,"column":23},"end":{"line":83,"column":67}},"type":"cond-expr","locations":[{"start":{"line":83,"column":51},"end":{"line":83,"column":58}},{"start":{"line":83,"column":61},"end":{"line":83,"column":67}}],"line":83},"22":{"loc":{"start":{"line":88,"column":11},"end":{"line":88,"column":28}},"type":"default-arg","locations":[{"start":{"line":88,"column":19},"end":{"line":88,"column":28}}],"line":88},"23":{"loc":{"start":{"line":90,"column":12},"end":{"line":90,"column":40}},"type":"if","locations":[{"start":{"line":90,"column":12},"end":{"line":90,"column":40}},{"start":{},"end":{}}],"line":90},"24":{"loc":{"start":{"line":93,"column":20},"end":{"line":93,"column":47}},"type":"cond-expr","locations":[{"start":{"line":93,"column":35},"end":{"line":93,"column":39}},{"start":{"line":93,"column":42},"end":{"line":93,"column":47}}],"line":93},"25":{"loc":{"start":{"line":106,"column":12},"end":{"line":112,"column":13}},"type":"if","locations":[{"start":{"line":106,"column":12},"end":{"line":112,"column":13}},{"start":{},"end":{}}],"line":106},"26":{"loc":{"start":{"line":107,"column":16},"end":{"line":107,"column":59}},"type":"if","locations":[{"start":{"line":107,"column":16},"end":{"line":107,"column":59}},{"start":{},"end":{}}],"line":107},"27":{"loc":{"start":{"line":109,"column":16},"end":{"line":109,"column":42}},"type":"if","locations":[{"start":{"line":109,"column":16},"end":{"line":109,"column":42}},{"start":{},"end":{}}],"line":109},"28":{"loc":{"start":{"line":111,"column":16},"end":{"line":111,"column":42}},"type":"if","locations":[{"start":{"line":111,"column":16},"end":{"line":111,"column":42}},{"start":{},"end":{}}],"line":111},"29":{"loc":{"start":{"line":125,"column":12},"end":{"line":131,"column":13}},"type":"if","locations":[{"start":{"line":125,"column":12},"end":{"line":131,"column":13}},{"start":{},"end":{}}],"line":125},"30":{"loc":{"start":{"line":127,"column":16},"end":{"line":127,"column":42}},"type":"if","locations":[{"start":{"line":127,"column":16},"end":{"line":127,"column":42}},{"start":{},"end":{}}],"line":127},"31":{"loc":{"start":{"line":129,"column":16},"end":{"line":129,"column":42}},"type":"if","locations":[{"start":{"line":129,"column":16},"end":{"line":129,"column":42}},{"start":{},"end":{}}],"line":129},"32":{"loc":{"start":{"line":130,"column":16},"end":{"line":130,"column":59}},"type":"if","locations":[{"start":{"line":130,"column":16},"end":{"line":130,"column":59}},{"start":{},"end":{}}],"line":130},"33":{"loc":{"start":{"line":144,"column":12},"end":{"line":150,"column":13}},"type":"if","locations":[{"start":{"line":144,"column":12},"end":{"line":150,"column":13}},{"start":{},"end":{}}],"line":144},"34":{"loc":{"start":{"line":146,"column":16},"end":{"line":146,"column":42}},"type":"if","locations":[{"start":{"line":146,"column":16},"end":{"line":146,"column":42}},{"start":{},"end":{}}],"line":146},"35":{"loc":{"start":{"line":148,"column":16},"end":{"line":148,"column":42}},"type":"if","locations":[{"start":{"line":148,"column":16},"end":{"line":148,"column":42}},{"start":{},"end":{}}],"line":148},"36":{"loc":{"start":{"line":149,"column":16},"end":{"line":149,"column":59}},"type":"if","locations":[{"start":{"line":149,"column":16},"end":{"line":149,"column":59}},{"start":{},"end":{}}],"line":149},"37":{"loc":{"start":{"line":161,"column":12},"end":{"line":169,"column":13}},"type":"if","locations":[{"start":{"line":161,"column":12},"end":{"line":169,"column":13}},{"start":{},"end":{}}],"line":161},"38":{"loc":{"start":{"line":165,"column":16},"end":{"line":165,"column":48}},"type":"if","locations":[{"start":{"line":165,"column":16},"end":{"line":165,"column":48}},{"start":{},"end":{}}],"line":165},"39":{"loc":{"start":{"line":167,"column":16},"end":{"line":167,"column":48}},"type":"if","locations":[{"start":{"line":167,"column":16},"end":{"line":167,"column":48}},{"start":{},"end":{}}],"line":167},"40":{"loc":{"start":{"line":180,"column":12},"end":{"line":180,"column":36}},"type":"if","locations":[{"start":{"line":180,"column":12},"end":{"line":180,"column":36}},{"start":{},"end":{}}],"line":180},"41":{"loc":{"start":{"line":196,"column":12},"end":{"line":200,"column":13}},"type":"if","locations":[{"start":{"line":196,"column":12},"end":{"line":200,"column":13}},{"start":{},"end":{}}],"line":196}},"s":{"0":90,"1":90,"2":90,"3":90,"4":24,"5":84,"6":22,"7":22,"8":62,"9":62,"10":28,"11":34,"12":126,"13":124,"14":2,"15":124,"16":26,"17":98,"18":190,"19":190,"20":39,"21":151,"22":53,"23":98,"24":26,"25":72,"26":11,"27":61,"28":12,"29":12,"30":1,"31":11,"32":5,"33":5,"34":1,"35":5,"36":5,"37":6,"38":4,"39":4,"40":2,"41":2,"42":2,"43":2,"44":29,"45":16,"46":13,"47":13,"48":13,"49":3,"50":17,"51":11,"52":5,"53":6,"54":6,"55":1,"56":5,"57":5,"58":1,"59":6,"60":39,"61":17,"62":17,"63":1,"64":16,"65":16,"66":1,"67":15,"68":5,"69":6,"70":39,"71":17,"72":17,"73":1,"74":16,"75":16,"76":1,"77":15,"78":5,"79":6,"80":16,"81":7,"82":7,"83":7,"84":2,"85":7,"86":7,"87":3,"88":7,"89":2,"90":0,"91":0,"92":0,"93":0,"94":0,"95":0,"96":0,"97":0,"98":0,"99":0,"100":0,"101":0,"102":28,"103":28,"104":12,"105":12,"106":12,"107":16,"108":4,"109":1,"110":1},"f":{"0":90,"1":24,"2":84,"3":126,"4":12,"5":3,"6":29,"7":6,"8":17,"9":6,"10":39,"11":6,"12":39,"13":2,"14":16,"15":0,"16":0,"17":4,"18":28},"b":{"0":[22,62],"1":[28,34],"2":[52],"3":[64],"4":[124,2],"5":[26,98],"6":[39,151],"7":[190,70],"8":[53,98],"9":[151,94],"10":[26,72],"11":[11,61],"12":[1,11],"13":[5,6],"14":[11,7],"15":[1,4],"16":[4,2],"17":[6,4],"18":[2,2],"19":[2,2],"20":[1,1],"21":[1,1],"22":[3],"23":[16,13],"24":[6,7],"25":[11,6],"26":[5,6],"27":[1,5],"28":[1,4],"29":[17,22],"30":[1,16],"31":[1,15],"32":[5,10],"33":[17,22],"34":[1,16],"35":[1,15],"36":[5,10],"37":[7,9],"38":[2,5],"39":[3,4],"40":[0,0],"41":[12,16]},"_coverageSchema":"1a1c01bbd47fc00a2c39e90264f33305004495a9","hash":"3d3581b036e54bfb5ff75afc34563f7b3565b3e3"}
}
