TN:
SF:binary tree.js
FN:2,(anonymous_0)
FN:11,(anonymous_1)
FN:22,(anonymous_2)
FN:36,(anonymous_3)
FN:63,(anonymous_4)
FN:88,(anonymous_5)
FN:89,hght
FN:104,(anonymous_7)
FN:105,search
FN:123,(anonymous_9)
FN:124,search
FN:142,(anonymous_11)
FN:143,search
FN:159,(anonymous_13)
FN:160,display
FN:178,(anonymous_15)
FN:179,display
FN:193,(anonymous_17)
FN:194,len
FNF:19
FNH:17
FNDA:90,(anonymous_0)
FNDA:24,(anonymous_1)
FNDA:84,(anonymous_2)
FNDA:126,(anonymous_3)
FNDA:12,(anonymous_4)
FNDA:3,(anonymous_5)
FNDA:29,hght
FNDA:6,(anonymous_7)
FNDA:17,search
FNDA:6,(anonymous_9)
FNDA:39,search
FNDA:6,(anonymous_11)
FNDA:39,search
FNDA:2,(anonymous_13)
FNDA:16,display
FNDA:0,(anonymous_15)
FNDA:0,display
FNDA:4,(anonymous_17)
FNDA:28,len
DA:3,90
DA:4,90
DA:5,90
DA:6,90
DA:12,24
DA:23,84
DA:25,62
DA:26,62
DA:27,34
DA:37,126
DA:38,2
DA:40,124
DA:41,98
DA:42,190
DA:43,190
DA:44,151
DA:46,98
DA:48,72
DA:49,61
DA:64,12
DA:65,12
DA:67,11
DA:68,5
DA:69,5
DA:70,5
DA:72,5
DA:74,6
DA:75,4
DA:76,4
DA:78,2
DA:79,2
DA:83,2
DA:90,29
DA:91,13
DA:92,13
DA:93,13
DA:95,3
DA:106,17
DA:107,11
DA:108,6
DA:109,6
DA:110,5
DA:111,5
DA:114,6
DA:125,39
DA:126,17
DA:127,17
DA:128,16
DA:129,16
DA:130,15
DA:133,6
DA:144,39
DA:145,17
DA:146,17
DA:147,16
DA:148,16
DA:149,15
DA:152,6
DA:161,16
DA:162,7
DA:164,7
DA:165,7
DA:166,7
DA:167,7
DA:168,7
DA:171,2
DA:180,0
DA:181,0
DA:182,0
DA:183,0
DA:184,0
DA:185,0
DA:186,0
DA:187,0
DA:189,0
DA:195,28
DA:196,28
DA:197,12
DA:198,12
DA:199,12
DA:201,16
DA:203,4
DA:208,1
DA:209,1
LF:84
LH:75
BRDA:23,0,0,22
BRDA:23,0,1,62
BRDA:26,1,0,28
BRDA:26,1,1,34
BRDA:36,2,0,52
BRDA:36,3,0,64
BRDA:37,4,0,124
BRDA:37,4,1,2
BRDA:40,5,0,26
BRDA:40,5,1,98
BRDA:43,6,0,39
BRDA:43,6,1,151
BRDA:43,7,0,190
BRDA:43,7,1,70
BRDA:44,8,0,53
BRDA:44,8,1,98
BRDA:44,9,0,151
BRDA:44,9,1,94
BRDA:46,10,0,26
BRDA:46,10,1,72
BRDA:48,11,0,11
BRDA:48,11,1,61
BRDA:65,12,0,1
BRDA:65,12,1,11
BRDA:67,13,0,5
BRDA:67,13,1,6
BRDA:67,14,0,11
BRDA:67,14,1,7
BRDA:72,15,0,1
BRDA:72,15,1,4
BRDA:74,16,0,4
BRDA:74,16,1,2
BRDA:74,17,0,6
BRDA:74,17,1,4
BRDA:75,18,0,2
BRDA:75,18,1,2
BRDA:76,19,0,2
BRDA:76,19,1,2
BRDA:78,20,0,1
BRDA:78,20,1,1
BRDA:83,21,0,1
BRDA:83,21,1,1
BRDA:88,22,0,3
BRDA:90,23,0,16
BRDA:90,23,1,13
BRDA:93,24,0,6
BRDA:93,24,1,7
BRDA:106,25,0,11
BRDA:106,25,1,6
BRDA:107,26,0,5
BRDA:107,26,1,6
BRDA:109,27,0,1
BRDA:109,27,1,5
BRDA:111,28,0,1
BRDA:111,28,1,4
BRDA:125,29,0,17
BRDA:125,29,1,22
BRDA:127,30,0,1
BRDA:127,30,1,16
BRDA:129,31,0,1
BRDA:129,31,1,15
BRDA:130,32,0,5
BRDA:130,32,1,10
BRDA:144,33,0,17
BRDA:144,33,1,22
BRDA:146,34,0,1
BRDA:146,34,1,16
BRDA:148,35,0,1
BRDA:148,35,1,15
BRDA:149,36,0,5
BRDA:149,36,1,10
BRDA:161,37,0,7
BRDA:161,37,1,9
BRDA:165,38,0,2
BRDA:165,38,1,5
BRDA:167,39,0,3
BRDA:167,39,1,4
BRDA:180,40,0,0
BRDA:180,40,1,0
BRDA:196,41,0,12
BRDA:196,41,1,16
BRF:81
BRH:79
end_of_record
