<?xml version="1.0" encoding="UTF-8"?>
<coverage generated="1674665900103" clover="3.2.0">
  <project timestamp="1674665900104" name="All files">
    <metrics statements="84" coveredstatements="75" conditionals="81" coveredconditionals="79" methods="19" coveredmethods="17" elements="184" coveredelements="171" complexity="0" loc="84" ncloc="84" packages="1" files="1" classes="1"/>
    <file name="binary tree.js" path="/home/akiyama/Documents/Github/MyCode/JS/Data structures/Binary trees/binary tree.js">
      <metrics statements="84" coveredstatements="75" conditionals="81" coveredconditionals="79" methods="19" coveredmethods="17"/>
      <line num="3" count="90" type="stmt"/>
      <line num="4" count="90" type="stmt"/>
      <line num="5" count="90" type="stmt"/>
      <line num="6" count="90" type="stmt"/>
      <line num="12" count="24" type="stmt"/>
      <line num="23" count="84" type="cond" truecount="2" falsecount="0"/>
      <line num="25" count="62" type="stmt"/>
      <line num="26" count="62" type="cond" truecount="2" falsecount="0"/>
      <line num="27" count="34" type="stmt"/>
      <line num="37" count="126" type="cond" truecount="2" falsecount="0"/>
      <line num="38" count="2" type="stmt"/>
      <line num="40" count="124" type="cond" truecount="2" falsecount="0"/>
      <line num="41" count="98" type="stmt"/>
      <line num="42" count="190" type="stmt"/>
      <line num="43" count="190" type="cond" truecount="4" falsecount="0"/>
      <line num="44" count="151" type="cond" truecount="4" falsecount="0"/>
      <line num="46" count="98" type="cond" truecount="2" falsecount="0"/>
      <line num="48" count="72" type="cond" truecount="2" falsecount="0"/>
      <line num="49" count="61" type="stmt"/>
      <line num="64" count="12" type="stmt"/>
      <line num="65" count="12" type="cond" truecount="2" falsecount="0"/>
      <line num="67" count="11" type="cond" truecount="4" falsecount="0"/>
      <line num="68" count="5" type="stmt"/>
      <line num="69" count="5" type="stmt"/>
      <line num="70" count="5" type="stmt"/>
      <line num="72" count="5" type="cond" truecount="2" falsecount="0"/>
      <line num="74" count="6" type="cond" truecount="4" falsecount="0"/>
      <line num="75" count="4" type="cond" truecount="2" falsecount="0"/>
      <line num="76" count="4" type="cond" truecount="2" falsecount="0"/>
      <line num="78" count="2" type="cond" truecount="2" falsecount="0"/>
      <line num="79" count="2" type="stmt"/>
      <line num="83" count="2" type="cond" truecount="2" falsecount="0"/>
      <line num="90" count="29" type="cond" truecount="2" falsecount="0"/>
      <line num="91" count="13" type="stmt"/>
      <line num="92" count="13" type="stmt"/>
      <line num="93" count="13" type="cond" truecount="2" falsecount="0"/>
      <line num="95" count="3" type="stmt"/>
      <line num="106" count="17" type="cond" truecount="2" falsecount="0"/>
      <line num="107" count="11" type="cond" truecount="2" falsecount="0"/>
      <line num="108" count="6" type="stmt"/>
      <line num="109" count="6" type="cond" truecount="2" falsecount="0"/>
      <line num="110" count="5" type="stmt"/>
      <line num="111" count="5" type="cond" truecount="2" falsecount="0"/>
      <line num="114" count="6" type="stmt"/>
      <line num="125" count="39" type="cond" truecount="2" falsecount="0"/>
      <line num="126" count="17" type="stmt"/>
      <line num="127" count="17" type="cond" truecount="2" falsecount="0"/>
      <line num="128" count="16" type="stmt"/>
      <line num="129" count="16" type="cond" truecount="2" falsecount="0"/>
      <line num="130" count="15" type="cond" truecount="2" falsecount="0"/>
      <line num="133" count="6" type="stmt"/>
      <line num="144" count="39" type="cond" truecount="2" falsecount="0"/>
      <line num="145" count="17" type="stmt"/>
      <line num="146" count="17" type="cond" truecount="2" falsecount="0"/>
      <line num="147" count="16" type="stmt"/>
      <line num="148" count="16" type="cond" truecount="2" falsecount="0"/>
      <line num="149" count="15" type="cond" truecount="2" falsecount="0"/>
      <line num="152" count="6" type="stmt"/>
      <line num="161" count="16" type="cond" truecount="2" falsecount="0"/>
      <line num="162" count="7" type="stmt"/>
      <line num="164" count="7" type="stmt"/>
      <line num="165" count="7" type="cond" truecount="2" falsecount="0"/>
      <line num="166" count="7" type="stmt"/>
      <line num="167" count="7" type="cond" truecount="2" falsecount="0"/>
      <line num="168" count="7" type="stmt"/>
      <line num="171" count="2" type="stmt"/>
      <line num="180" count="0" type="cond" truecount="0" falsecount="2"/>
      <line num="181" count="0" type="stmt"/>
      <line num="182" count="0" type="stmt"/>
      <line num="183" count="0" type="stmt"/>
      <line num="184" count="0" type="stmt"/>
      <line num="185" count="0" type="stmt"/>
      <line num="186" count="0" type="stmt"/>
      <line num="187" count="0" type="stmt"/>
      <line num="189" count="0" type="stmt"/>
      <line num="195" count="28" type="stmt"/>
      <line num="196" count="28" type="cond" truecount="2" falsecount="0"/>
      <line num="197" count="12" type="stmt"/>
      <line num="198" count="12" type="stmt"/>
      <line num="199" count="12" type="stmt"/>
      <line num="201" count="16" type="stmt"/>
      <line num="203" count="4" type="stmt"/>
      <line num="208" count="1" type="stmt"/>
      <line num="209" count="1" type="stmt"/>
    </file>
  </project>
</coverage>
