<?xml version="1.0" encoding="UTF-8"?>
<coverage generated="1674736000490" clover="3.2.0">
  <project timestamp="1674736000490" name="All files">
    <metrics statements="110" coveredstatements="87" conditionals="95" coveredconditionals="79" methods="25" coveredmethods="20" elements="230" coveredelements="186" complexity="0" loc="110" ncloc="110" packages="1" files="1" classes="1"/>
    <file name="avl tree.js" path="/home/akiyama/Documents/Github/MyCode/JS/Data structures/AVL tree/avl tree.js">
      <metrics statements="110" coveredstatements="87" conditionals="95" coveredconditionals="79" methods="25" coveredmethods="20"/>
      <line num="3" count="97" type="stmt"/>
      <line num="4" count="97" type="stmt"/>
      <line num="5" count="97" type="stmt"/>
      <line num="6" count="97" type="stmt"/>
      <line num="12" count="25" type="stmt"/>
      <line num="22" count="89" type="cond" truecount="2" falsecount="0"/>
      <line num="23" count="66" type="stmt"/>
      <line num="24" count="66" type="stmt"/>
      <line num="25" count="119" type="cond" truecount="4" falsecount="0"/>
      <line num="26" count="100" type="cond" truecount="4" falsecount="0"/>
      <line num="27" count="66" type="stmt"/>
      <line num="28" count="66" type="cond" truecount="2" falsecount="0"/>
      <line num="29" count="36" type="stmt"/>
      <line num="39" count="67" type="cond" truecount="2" falsecount="0"/>
      <line num="40" count="2" type="stmt"/>
      <line num="42" count="65" type="cond" truecount="2" falsecount="0"/>
      <line num="43" count="37" type="stmt"/>
      <line num="44" count="83" type="cond" truecount="4" falsecount="0"/>
      <line num="45" count="62" type="cond" truecount="4" falsecount="0"/>
      <line num="46" count="37" type="cond" truecount="2" falsecount="0"/>
      <line num="47" count="11" type="stmt"/>
      <line num="54" count="12" type="stmt"/>
      <line num="55" count="12" type="cond" truecount="2" falsecount="0"/>
      <line num="57" count="11" type="cond" truecount="2" falsecount="0"/>
      <line num="59" count="11" type="cond" truecount="4" falsecount="0"/>
      <line num="60" count="5" type="stmt"/>
      <line num="61" count="5" type="stmt"/>
      <line num="62" count="5" type="stmt"/>
      <line num="64" count="5" type="stmt"/>
      <line num="66" count="6" type="cond" truecount="4" falsecount="0"/>
      <line num="67" count="4" type="cond" truecount="2" falsecount="0"/>
      <line num="68" count="4" type="cond" truecount="2" falsecount="0"/>
      <line num="70" count="2" type="stmt"/>
      <line num="71" count="2" type="stmt"/>
      <line num="75" count="2" type="stmt"/>
      <line num="80" count="29" type="cond" truecount="2" falsecount="0"/>
      <line num="81" count="13" type="stmt"/>
      <line num="82" count="13" type="stmt"/>
      <line num="83" count="13" type="stmt"/>
      <line num="85" count="3" type="stmt"/>
      <line num="90" count="28" type="stmt"/>
      <line num="91" count="28" type="cond" truecount="2" falsecount="0"/>
      <line num="92" count="12" type="stmt"/>
      <line num="93" count="12" type="stmt"/>
      <line num="94" count="12" type="stmt"/>
      <line num="96" count="16" type="stmt"/>
      <line num="98" count="4" type="stmt"/>
      <line num="102" count="0" type="stmt"/>
      <line num="106" count="0" type="stmt"/>
      <line num="110" count="0" type="stmt"/>
      <line num="111" count="0" type="cond" truecount="0" falsecount="2"/>
      <line num="112" count="0" type="stmt"/>
      <line num="113" count="0" type="cond" truecount="0" falsecount="2"/>
      <line num="114" count="0" type="stmt"/>
      <line num="115" count="0" type="stmt"/>
      <line num="116" count="0" type="cond" truecount="0" falsecount="2"/>
      <line num="117" count="0" type="cond" truecount="0" falsecount="2"/>
      <line num="118" count="0" type="stmt"/>
      <line num="119" count="0" type="stmt"/>
      <line num="120" count="0" type="stmt"/>
      <line num="127" count="0" type="stmt"/>
      <line num="129" count="0" type="cond" truecount="0" falsecount="2"/>
      <line num="131" count="0" type="cond" truecount="0" falsecount="2"/>
      <line num="134" count="0" type="stmt"/>
      <line num="135" count="0" type="stmt"/>
      <line num="138" count="0" type="cond" truecount="0" falsecount="2"/>
      <line num="140" count="0" type="cond" truecount="0" falsecount="2"/>
      <line num="141" count="0" type="stmt"/>
      <line num="142" count="0" type="stmt"/>
      <line num="145" count="0" type="stmt"/>
      <line num="158" count="17" type="cond" truecount="2" falsecount="0"/>
      <line num="159" count="11" type="cond" truecount="2" falsecount="0"/>
      <line num="160" count="6" type="stmt"/>
      <line num="161" count="6" type="cond" truecount="2" falsecount="0"/>
      <line num="162" count="5" type="stmt"/>
      <line num="163" count="5" type="cond" truecount="2" falsecount="0"/>
      <line num="166" count="6" type="stmt"/>
      <line num="177" count="39" type="cond" truecount="2" falsecount="0"/>
      <line num="178" count="17" type="stmt"/>
      <line num="179" count="17" type="cond" truecount="2" falsecount="0"/>
      <line num="180" count="16" type="stmt"/>
      <line num="181" count="16" type="cond" truecount="2" falsecount="0"/>
      <line num="182" count="15" type="cond" truecount="2" falsecount="0"/>
      <line num="185" count="6" type="stmt"/>
      <line num="196" count="39" type="cond" truecount="2" falsecount="0"/>
      <line num="197" count="17" type="stmt"/>
      <line num="198" count="17" type="cond" truecount="2" falsecount="0"/>
      <line num="199" count="16" type="stmt"/>
      <line num="200" count="16" type="cond" truecount="2" falsecount="0"/>
      <line num="201" count="15" type="cond" truecount="2" falsecount="0"/>
      <line num="204" count="6" type="stmt"/>
      <line num="213" count="24" type="cond" truecount="2" falsecount="0"/>
      <line num="214" count="11" type="stmt"/>
      <line num="216" count="11" type="stmt"/>
      <line num="217" count="11" type="cond" truecount="2" falsecount="0"/>
      <line num="218" count="11" type="stmt"/>
      <line num="219" count="11" type="cond" truecount="2" falsecount="0"/>
      <line num="220" count="11" type="stmt"/>
      <line num="223" count="2" type="stmt"/>
      <line num="232" count="7" type="cond" truecount="2" falsecount="0"/>
      <line num="233" count="3" type="stmt"/>
      <line num="234" count="3" type="stmt"/>
      <line num="235" count="3" type="stmt"/>
      <line num="236" count="10" type="stmt"/>
      <line num="237" count="3" type="stmt"/>
      <line num="238" count="3" type="stmt"/>
      <line num="239" count="3" type="stmt"/>
      <line num="241" count="1" type="stmt"/>
      <line num="245" count="1" type="stmt"/>
      <line num="246" count="1" type="stmt"/>
    </file>
  </project>
</coverage>
