{"/home/akiyama/Documents/Github/MyCode/JS/Data structures/AVL tree/avl tree.js": {"path":"/home/akiyama/Documents/Github/MyCode/JS/Data structures/AVL tree/avl tree.js","statementMap":{"0":{"start":{"line":3,"column":8},"end":{"line":3,"column":29}},"1":{"start":{"line":4,"column":8},"end":{"line":4,"column":27}},"2":{"start":{"line":5,"column":8},"end":{"line":5,"column":18}},"3":{"start":{"line":6,"column":8},"end":{"line":6,"column":19}},"4":{"start":{"line":12,"column":8},"end":{"line":12,"column":30}},"5":{"start":{"line":22,"column":8},"end":{"line":22,"column":73}},"6":{"start":{"line":22,"column":25},"end":{"line":22,"column":64}},"7":{"start":{"line":22,"column":65},"end":{"line":22,"column":72}},"8":{"start":{"line":23,"column":18},"end":{"line":23,"column":27}},"9":{"start":{"line":24,"column":8},"end":{"line":27,"column":23}},"10":{"start":{"line":25,"column":12},"end":{"line":27,"column":23}},"11":{"start":{"line":25,"column":47},"end":{"line":25,"column":62}},"12":{"start":{"line":26,"column":17},"end":{"line":27,"column":23}},"13":{"start":{"line":26,"column":54},"end":{"line":26,"column":70}},"14":{"start":{"line":27,"column":17},"end":{"line":27,"column":23}},"15":{"start":{"line":28,"column":8},"end":{"line":29,"column":46}},"16":{"start":{"line":28,"column":31},"end":{"line":28,"column":63}},"17":{"start":{"line":29,"column":13},"end":{"line":29,"column":46}},"18":{"start":{"line":39,"column":8},"end":{"line":40,"column":20}},"19":{"start":{"line":39,"column":33},"end":{"line":39,"column":42}},"20":{"start":{"line":40,"column":13},"end":{"line":40,"column":20}},"21":{"start":{"line":42,"column":8},"end":{"line":42,"column":49}},"22":{"start":{"line":42,"column":32},"end":{"line":42,"column":49}},"23":{"start":{"line":43,"column":8},"end":{"line":47,"column":23}},"24":{"start":{"line":44,"column":12},"end":{"line":47,"column":23}},"25":{"start":{"line":44,"column":45},"end":{"line":44,"column":60}},"26":{"start":{"line":45,"column":17},"end":{"line":47,"column":23}},"27":{"start":{"line":45,"column":51},"end":{"line":45,"column":67}},"28":{"start":{"line":46,"column":17},"end":{"line":47,"column":23}},"29":{"start":{"line":46,"column":41},"end":{"line":46,"column":52}},"30":{"start":{"line":47,"column":17},"end":{"line":47,"column":23}},"31":{"start":{"line":54,"column":18},"end":{"line":54,"column":42}},"32":{"start":{"line":55,"column":8},"end":{"line":55,"column":25}},"33":{"start":{"line":55,"column":18},"end":{"line":55,"column":25}},"34":{"start":{"line":57,"column":26},"end":{"line":57,"column":82}},"35":{"start":{"line":57,"column":34},"end":{"line":57,"column":81}},"36":{"start":{"line":59,"column":8},"end":{"line":75,"column":53}},"37":{"start":{"line":60,"column":26},"end":{"line":60,"column":35}},"38":{"start":{"line":61,"column":12},"end":{"line":61,"column":56}},"39":{"start":{"line":61,"column":33},"end":{"line":61,"column":56}},"40":{"start":{"line":62,"column":12},"end":{"line":62,"column":38}},"41":{"start":{"line":64,"column":12},"end":{"line":64,"column":61}},"42":{"start":{"line":66,"column":13},"end":{"line":75,"column":53}},"43":{"start":{"line":67,"column":22},"end":{"line":67,"column":52}},"44":{"start":{"line":68,"column":12},"end":{"line":72,"column":13}},"45":{"start":{"line":68,"column":34},"end":{"line":68,"column":60}},"46":{"start":{"line":70,"column":16},"end":{"line":70,"column":55}},"47":{"start":{"line":71,"column":16},"end":{"line":71,"column":44}},"48":{"start":{"line":75,"column":12},"end":{"line":75,"column":53}},"49":{"start":{"line":80,"column":12},"end":{"line":80,"column":40}},"50":{"start":{"line":80,"column":26},"end":{"line":80,"column":40}},"51":{"start":{"line":81,"column":23},"end":{"line":81,"column":51}},"52":{"start":{"line":82,"column":24},"end":{"line":82,"column":53}},"53":{"start":{"line":83,"column":12},"end":{"line":83,"column":42}},"54":{"start":{"line":85,"column":8},"end":{"line":85,"column":38}},"55":{"start":{"line":90,"column":22},"end":{"line":90,"column":23}},"56":{"start":{"line":91,"column":12},"end":{"line":95,"column":13}},"57":{"start":{"line":92,"column":16},"end":{"line":92,"column":37}},"58":{"start":{"line":93,"column":16},"end":{"line":93,"column":38}},"59":{"start":{"line":94,"column":16},"end":{"line":94,"column":31}},"60":{"start":{"line":96,"column":12},"end":{"line":96,"column":23}},"61":{"start":{"line":98,"column":8},"end":{"line":98,"column":30}},"62":{"start":{"line":102,"column":8},"end":{"line":102,"column":42}},"63":{"start":{"line":106,"column":8},"end":{"line":106,"column":42}},"64":{"start":{"line":110,"column":20},"end":{"line":110,"column":30}},"65":{"start":{"line":111,"column":8},"end":{"line":111,"column":27}},"66":{"start":{"line":111,"column":20},"end":{"line":111,"column":27}},"67":{"start":{"line":112,"column":8},"end":{"line":112,"column":32}},"68":{"start":{"line":113,"column":8},"end":{"line":114,"column":37}},"69":{"start":{"line":114,"column":12},"end":{"line":114,"column":37}},"70":{"start":{"line":115,"column":8},"end":{"line":115,"column":35}},"71":{"start":{"line":116,"column":8},"end":{"line":118,"column":39}},"72":{"start":{"line":116,"column":26},"end":{"line":116,"column":44}},"73":{"start":{"line":117,"column":13},"end":{"line":118,"column":39}},"74":{"start":{"line":117,"column":43},"end":{"line":117,"column":68}},"75":{"start":{"line":118,"column":13},"end":{"line":118,"column":39}},"76":{"start":{"line":119,"column":8},"end":{"line":119,"column":26}},"77":{"start":{"line":120,"column":8},"end":{"line":120,"column":28}},"78":{"start":{"line":127,"column":28},"end":{"line":127,"column":96}},"79":{"start":{"line":127,"column":39},"end":{"line":127,"column":95}},"80":{"start":{"line":129,"column":8},"end":{"line":146,"column":9}},"81":{"start":{"line":131,"column":12},"end":{"line":136,"column":13}},"82":{"start":{"line":131,"column":46},"end":{"line":131,"column":67}},"83":{"start":{"line":134,"column":16},"end":{"line":134,"column":38}},"84":{"start":{"line":135,"column":16},"end":{"line":135,"column":37}},"85":{"start":{"line":138,"column":13},"end":{"line":146,"column":9}},"86":{"start":{"line":140,"column":12},"end":{"line":145,"column":38}},"87":{"start":{"line":141,"column":16},"end":{"line":141,"column":37}},"88":{"start":{"line":142,"column":16},"end":{"line":142,"column":38}},"89":{"start":{"line":145,"column":17},"end":{"line":145,"column":38}},"90":{"start":{"line":158,"column":12},"end":{"line":164,"column":13}},"91":{"start":{"line":159,"column":16},"end":{"line":159,"column":59}},"92":{"start":{"line":159,"column":44},"end":{"line":159,"column":59}},"93":{"start":{"line":160,"column":29},"end":{"line":160,"column":56}},"94":{"start":{"line":161,"column":16},"end":{"line":161,"column":42}},"95":{"start":{"line":161,"column":28},"end":{"line":161,"column":42}},"96":{"start":{"line":162,"column":16},"end":{"line":162,"column":54}},"97":{"start":{"line":163,"column":16},"end":{"line":163,"column":42}},"98":{"start":{"line":163,"column":28},"end":{"line":163,"column":42}},"99":{"start":{"line":166,"column":8},"end":{"line":166,"column":40}},"100":{"start":{"line":177,"column":12},"end":{"line":183,"column":13}},"101":{"start":{"line":178,"column":29},"end":{"line":178,"column":56}},"102":{"start":{"line":179,"column":16},"end":{"line":179,"column":42}},"103":{"start":{"line":179,"column":28},"end":{"line":179,"column":42}},"104":{"start":{"line":180,"column":16},"end":{"line":180,"column":54}},"105":{"start":{"line":181,"column":16},"end":{"line":181,"column":42}},"106":{"start":{"line":181,"column":28},"end":{"line":181,"column":42}},"107":{"start":{"line":182,"column":16},"end":{"line":182,"column":59}},"108":{"start":{"line":182,"column":44},"end":{"line":182,"column":59}},"109":{"start":{"line":185,"column":8},"end":{"line":185,"column":40}},"110":{"start":{"line":196,"column":12},"end":{"line":202,"column":13}},"111":{"start":{"line":197,"column":29},"end":{"line":197,"column":56}},"112":{"start":{"line":198,"column":16},"end":{"line":198,"column":42}},"113":{"start":{"line":198,"column":28},"end":{"line":198,"column":42}},"114":{"start":{"line":199,"column":16},"end":{"line":199,"column":54}},"115":{"start":{"line":200,"column":16},"end":{"line":200,"column":42}},"116":{"start":{"line":200,"column":28},"end":{"line":200,"column":42}},"117":{"start":{"line":201,"column":16},"end":{"line":201,"column":59}},"118":{"start":{"line":201,"column":44},"end":{"line":201,"column":59}},"119":{"start":{"line":204,"column":8},"end":{"line":204,"column":40}},"120":{"start":{"line":213,"column":12},"end":{"line":221,"column":13}},"121":{"start":{"line":214,"column":26},"end":{"line":214,"column":28}},"122":{"start":{"line":216,"column":16},"end":{"line":216,"column":43}},"123":{"start":{"line":217,"column":16},"end":{"line":217,"column":48}},"124":{"start":{"line":217,"column":28},"end":{"line":217,"column":48}},"125":{"start":{"line":218,"column":16},"end":{"line":218,"column":44}},"126":{"start":{"line":219,"column":16},"end":{"line":219,"column":48}},"127":{"start":{"line":219,"column":28},"end":{"line":219,"column":48}},"128":{"start":{"line":220,"column":16},"end":{"line":220,"column":39}},"129":{"start":{"line":223,"column":8},"end":{"line":223,"column":34}},"130":{"start":{"line":232,"column":12},"end":{"line":232,"column":36}},"131":{"start":{"line":232,"column":26},"end":{"line":232,"column":36}},"132":{"start":{"line":233,"column":20},"end":{"line":233,"column":22}},"133":{"start":{"line":234,"column":12},"end":{"line":234,"column":27}},"134":{"start":{"line":235,"column":12},"end":{"line":235,"column":56}},"135":{"start":{"line":236,"column":12},"end":{"line":236,"column":57}},"136":{"start":{"line":236,"column":25},"end":{"line":236,"column":30}},"137":{"start":{"line":236,"column":48},"end":{"line":236,"column":57}},"138":{"start":{"line":237,"column":12},"end":{"line":237,"column":58}},"139":{"start":{"line":238,"column":12},"end":{"line":238,"column":55}},"140":{"start":{"line":239,"column":12},"end":{"line":239,"column":23}},"141":{"start":{"line":241,"column":8},"end":{"line":241,"column":40}},"142":{"start":{"line":245,"column":0},"end":{"line":245,"column":17}},"143":{"start":{"line":246,"column":0},"end":{"line":246,"column":19}}},"fnMap":{"0":{"name":"(anonymous_0)","decl":{"start":{"line":2,"column":4},"end":{"line":2,"column":5}},"loc":{"start":{"line":2,"column":32},"end":{"line":7,"column":5}},"line":2},"1":{"name":"(anonymous_1)","decl":{"start":{"line":11,"column":4},"end":{"line":11,"column":5}},"loc":{"start":{"line":11,"column":18},"end":{"line":13,"column":5}},"line":11},"2":{"name":"(anonymous_2)","decl":{"start":{"line":21,"column":4},"end":{"line":21,"column":5}},"loc":{"start":{"line":21,"column":18},"end":{"line":30,"column":5}},"line":21},"3":{"name":"(anonymous_3)","decl":{"start":{"line":38,"column":4},"end":{"line":38,"column":5}},"loc":{"start":{"line":38,"column":24},"end":{"line":48,"column":5}},"line":38},"4":{"name":"(anonymous_4)","decl":{"start":{"line":53,"column":4},"end":{"line":53,"column":5}},"loc":{"start":{"line":53,"column":18},"end":{"line":76,"column":5}},"line":53},"5":{"name":"(anonymous_5)","decl":{"start":{"line":57,"column":26},"end":{"line":57,"column":27}},"loc":{"start":{"line":57,"column":33},"end":{"line":57,"column":82}},"line":57},"6":{"name":"(anonymous_6)","decl":{"start":{"line":78,"column":4},"end":{"line":78,"column":5}},"loc":{"start":{"line":78,"column":30},"end":{"line":86,"column":5}},"line":78},"7":{"name":"hght","decl":{"start":{"line":79,"column":17},"end":{"line":79,"column":21}},"loc":{"start":{"line":79,"column":39},"end":{"line":84,"column":9}},"line":79},"8":{"name":"(anonymous_8)","decl":{"start":{"line":88,"column":4},"end":{"line":88,"column":5}},"loc":{"start":{"line":88,"column":13},"end":{"line":99,"column":5}},"line":88},"9":{"name":"len","decl":{"start":{"line":89,"column":17},"end":{"line":89,"column":20}},"loc":{"start":{"line":89,"column":26},"end":{"line":97,"column":9}},"line":89},"10":{"name":"(anonymous_10)","decl":{"start":{"line":101,"column":4},"end":{"line":101,"column":5}},"loc":{"start":{"line":101,"column":21},"end":{"line":103,"column":5}},"line":101},"11":{"name":"(anonymous_11)","decl":{"start":{"line":105,"column":4},"end":{"line":105,"column":5}},"loc":{"start":{"line":105,"column":22},"end":{"line":107,"column":5}},"line":105},"12":{"name":"(anonymous_12)","decl":{"start":{"line":109,"column":4},"end":{"line":109,"column":5}},"loc":{"start":{"line":109,"column":28},"end":{"line":121,"column":5}},"line":109},"13":{"name":"(anonymous_13)","decl":{"start":{"line":124,"column":4},"end":{"line":124,"column":5}},"loc":{"start":{"line":124,"column":17},"end":{"line":147,"column":5}},"line":124},"14":{"name":"(anonymous_14)","decl":{"start":{"line":127,"column":28},"end":{"line":127,"column":29}},"loc":{"start":{"line":127,"column":38},"end":{"line":127,"column":96}},"line":127},"15":{"name":"(anonymous_15)","decl":{"start":{"line":156,"column":4},"end":{"line":156,"column":5}},"loc":{"start":{"line":156,"column":26},"end":{"line":167,"column":5}},"line":156},"16":{"name":"search","decl":{"start":{"line":157,"column":17},"end":{"line":157,"column":23}},"loc":{"start":{"line":157,"column":40},"end":{"line":165,"column":9}},"line":157},"17":{"name":"(anonymous_17)","decl":{"start":{"line":175,"column":4},"end":{"line":175,"column":5}},"loc":{"start":{"line":175,"column":27},"end":{"line":186,"column":5}},"line":175},"18":{"name":"search","decl":{"start":{"line":176,"column":17},"end":{"line":176,"column":23}},"loc":{"start":{"line":176,"column":40},"end":{"line":184,"column":9}},"line":176},"19":{"name":"(anonymous_19)","decl":{"start":{"line":194,"column":4},"end":{"line":194,"column":5}},"loc":{"start":{"line":194,"column":25},"end":{"line":205,"column":5}},"line":194},"20":{"name":"search","decl":{"start":{"line":195,"column":17},"end":{"line":195,"column":23}},"loc":{"start":{"line":195,"column":40},"end":{"line":203,"column":9}},"line":195},"21":{"name":"(anonymous_21)","decl":{"start":{"line":211,"column":4},"end":{"line":211,"column":5}},"loc":{"start":{"line":211,"column":17},"end":{"line":224,"column":5}},"line":211},"22":{"name":"display","decl":{"start":{"line":212,"column":17},"end":{"line":212,"column":24}},"loc":{"start":{"line":212,"column":30},"end":{"line":222,"column":9}},"line":212},"23":{"name":"(anonymous_23)","decl":{"start":{"line":230,"column":4},"end":{"line":230,"column":5}},"loc":{"start":{"line":230,"column":12},"end":{"line":242,"column":5}},"line":230},"24":{"name":"display","decl":{"start":{"line":231,"column":17},"end":{"line":231,"column":24}},"loc":{"start":{"line":231,"column":48},"end":{"line":240,"column":9}},"line":231}},"branchMap":{"0":{"loc":{"start":{"line":22,"column":8},"end":{"line":22,"column":73}},"type":"if","locations":[{"start":{"line":22,"column":8},"end":{"line":22,"column":73}},{"start":{},"end":{}}],"line":22},"1":{"loc":{"start":{"line":25,"column":12},"end":{"line":27,"column":23}},"type":"if","locations":[{"start":{"line":25,"column":12},"end":{"line":27,"column":23}},{"start":{"line":26,"column":17},"end":{"line":27,"column":23}}],"line":25},"2":{"loc":{"start":{"line":25,"column":16},"end":{"line":25,"column":45}},"type":"binary-expr","locations":[{"start":{"line":25,"column":16},"end":{"line":25,"column":33}},{"start":{"line":25,"column":37},"end":{"line":25,"column":45}}],"line":25},"3":{"loc":{"start":{"line":26,"column":17},"end":{"line":27,"column":23}},"type":"if","locations":[{"start":{"line":26,"column":17},"end":{"line":27,"column":23}},{"start":{"line":27,"column":17},"end":{"line":27,"column":23}}],"line":26},"4":{"loc":{"start":{"line":26,"column":21},"end":{"line":26,"column":52}},"type":"binary-expr","locations":[{"start":{"line":26,"column":21},"end":{"line":26,"column":39}},{"start":{"line":26,"column":43},"end":{"line":26,"column":52}}],"line":26},"5":{"loc":{"start":{"line":28,"column":8},"end":{"line":29,"column":46}},"type":"if","locations":[{"start":{"line":28,"column":8},"end":{"line":29,"column":46}},{"start":{"line":29,"column":13},"end":{"line":29,"column":46}}],"line":28},"6":{"loc":{"start":{"line":39,"column":8},"end":{"line":40,"column":20}},"type":"if","locations":[{"start":{"line":39,"column":8},"end":{"line":40,"column":20}},{"start":{"line":40,"column":13},"end":{"line":40,"column":20}}],"line":39},"7":{"loc":{"start":{"line":42,"column":8},"end":{"line":42,"column":49}},"type":"if","locations":[{"start":{"line":42,"column":8},"end":{"line":42,"column":49}},{"start":{},"end":{}}],"line":42},"8":{"loc":{"start":{"line":44,"column":12},"end":{"line":47,"column":23}},"type":"if","locations":[{"start":{"line":44,"column":12},"end":{"line":47,"column":23}},{"start":{"line":45,"column":17},"end":{"line":47,"column":23}}],"line":44},"9":{"loc":{"start":{"line":44,"column":16},"end":{"line":44,"column":43}},"type":"binary-expr","locations":[{"start":{"line":44,"column":16},"end":{"line":44,"column":31}},{"start":{"line":44,"column":35},"end":{"line":44,"column":43}}],"line":44},"10":{"loc":{"start":{"line":45,"column":17},"end":{"line":47,"column":23}},"type":"if","locations":[{"start":{"line":45,"column":17},"end":{"line":47,"column":23}},{"start":{"line":46,"column":17},"end":{"line":47,"column":23}}],"line":45},"11":{"loc":{"start":{"line":45,"column":21},"end":{"line":45,"column":49}},"type":"binary-expr","locations":[{"start":{"line":45,"column":21},"end":{"line":45,"column":36}},{"start":{"line":45,"column":40},"end":{"line":45,"column":49}}],"line":45},"12":{"loc":{"start":{"line":46,"column":17},"end":{"line":47,"column":23}},"type":"if","locations":[{"start":{"line":46,"column":17},"end":{"line":47,"column":23}},{"start":{"line":47,"column":17},"end":{"line":47,"column":23}}],"line":46},"13":{"loc":{"start":{"line":55,"column":8},"end":{"line":55,"column":25}},"type":"if","locations":[{"start":{"line":55,"column":8},"end":{"line":55,"column":25}},{"start":{},"end":{}}],"line":55},"14":{"loc":{"start":{"line":57,"column":41},"end":{"line":57,"column":81}},"type":"cond-expr","locations":[{"start":{"line":57,"column":65},"end":{"line":57,"column":72}},{"start":{"line":57,"column":75},"end":{"line":57,"column":81}}],"line":57},"15":{"loc":{"start":{"line":59,"column":8},"end":{"line":75,"column":53}},"type":"if","locations":[{"start":{"line":59,"column":8},"end":{"line":75,"column":53}},{"start":{"line":66,"column":13},"end":{"line":75,"column":53}}],"line":59},"16":{"loc":{"start":{"line":59,"column":12},"end":{"line":59,"column":33}},"type":"binary-expr","locations":[{"start":{"line":59,"column":12},"end":{"line":59,"column":20}},{"start":{"line":59,"column":24},"end":{"line":59,"column":33}}],"line":59},"17":{"loc":{"start":{"line":66,"column":13},"end":{"line":75,"column":53}},"type":"if","locations":[{"start":{"line":66,"column":13},"end":{"line":75,"column":53}},{"start":{"line":75,"column":12},"end":{"line":75,"column":53}}],"line":66},"18":{"loc":{"start":{"line":66,"column":17},"end":{"line":66,"column":38}},"type":"binary-expr","locations":[{"start":{"line":66,"column":17},"end":{"line":66,"column":25}},{"start":{"line":66,"column":29},"end":{"line":66,"column":38}}],"line":66},"19":{"loc":{"start":{"line":67,"column":22},"end":{"line":67,"column":52}},"type":"cond-expr","locations":[{"start":{"line":67,"column":36},"end":{"line":67,"column":43}},{"start":{"line":67,"column":46},"end":{"line":67,"column":52}}],"line":67},"20":{"loc":{"start":{"line":68,"column":12},"end":{"line":72,"column":13}},"type":"if","locations":[{"start":{"line":68,"column":12},"end":{"line":72,"column":13}},{"start":{"line":69,"column":17},"end":{"line":72,"column":13}}],"line":68},"21":{"loc":{"start":{"line":78,"column":11},"end":{"line":78,"column":28}},"type":"default-arg","locations":[{"start":{"line":78,"column":19},"end":{"line":78,"column":28}}],"line":78},"22":{"loc":{"start":{"line":80,"column":12},"end":{"line":80,"column":40}},"type":"if","locations":[{"start":{"line":80,"column":12},"end":{"line":80,"column":40}},{"start":{},"end":{}}],"line":80},"23":{"loc":{"start":{"line":91,"column":12},"end":{"line":95,"column":13}},"type":"if","locations":[{"start":{"line":91,"column":12},"end":{"line":95,"column":13}},{"start":{},"end":{}}],"line":91},"24":{"loc":{"start":{"line":111,"column":8},"end":{"line":111,"column":27}},"type":"if","locations":[{"start":{"line":111,"column":8},"end":{"line":111,"column":27}},{"start":{},"end":{}}],"line":111},"25":{"loc":{"start":{"line":113,"column":8},"end":{"line":114,"column":37}},"type":"if","locations":[{"start":{"line":113,"column":8},"end":{"line":114,"column":37}},{"start":{},"end":{}}],"line":113},"26":{"loc":{"start":{"line":116,"column":8},"end":{"line":118,"column":39}},"type":"if","locations":[{"start":{"line":116,"column":8},"end":{"line":118,"column":39}},{"start":{"line":117,"column":13},"end":{"line":118,"column":39}}],"line":116},"27":{"loc":{"start":{"line":117,"column":13},"end":{"line":118,"column":39}},"type":"if","locations":[{"start":{"line":117,"column":13},"end":{"line":118,"column":39}},{"start":{"line":118,"column":13},"end":{"line":118,"column":39}}],"line":117},"28":{"loc":{"start":{"line":129,"column":8},"end":{"line":146,"column":9}},"type":"if","locations":[{"start":{"line":129,"column":8},"end":{"line":146,"column":9}},{"start":{"line":138,"column":13},"end":{"line":146,"column":9}}],"line":129},"29":{"loc":{"start":{"line":131,"column":12},"end":{"line":136,"column":13}},"type":"if","locations":[{"start":{"line":131,"column":12},"end":{"line":136,"column":13}},{"start":{"line":133,"column":17},"end":{"line":136,"column":13}}],"line":131},"30":{"loc":{"start":{"line":138,"column":13},"end":{"line":146,"column":9}},"type":"if","locations":[{"start":{"line":138,"column":13},"end":{"line":146,"column":9}},{"start":{},"end":{}}],"line":138},"31":{"loc":{"start":{"line":140,"column":12},"end":{"line":145,"column":38}},"type":"if","locations":[{"start":{"line":140,"column":12},"end":{"line":145,"column":38}},{"start":{"line":145,"column":17},"end":{"line":145,"column":38}}],"line":140},"32":{"loc":{"start":{"line":158,"column":12},"end":{"line":164,"column":13}},"type":"if","locations":[{"start":{"line":158,"column":12},"end":{"line":164,"column":13}},{"start":{},"end":{}}],"line":158},"33":{"loc":{"start":{"line":159,"column":16},"end":{"line":159,"column":59}},"type":"if","locations":[{"start":{"line":159,"column":16},"end":{"line":159,"column":59}},{"start":{},"end":{}}],"line":159},"34":{"loc":{"start":{"line":161,"column":16},"end":{"line":161,"column":42}},"type":"if","locations":[{"start":{"line":161,"column":16},"end":{"line":161,"column":42}},{"start":{},"end":{}}],"line":161},"35":{"loc":{"start":{"line":163,"column":16},"end":{"line":163,"column":42}},"type":"if","locations":[{"start":{"line":163,"column":16},"end":{"line":163,"column":42}},{"start":{},"end":{}}],"line":163},"36":{"loc":{"start":{"line":177,"column":12},"end":{"line":183,"column":13}},"type":"if","locations":[{"start":{"line":177,"column":12},"end":{"line":183,"column":13}},{"start":{},"end":{}}],"line":177},"37":{"loc":{"start":{"line":179,"column":16},"end":{"line":179,"column":42}},"type":"if","locations":[{"start":{"line":179,"column":16},"end":{"line":179,"column":42}},{"start":{},"end":{}}],"line":179},"38":{"loc":{"start":{"line":181,"column":16},"end":{"line":181,"column":42}},"type":"if","locations":[{"start":{"line":181,"column":16},"end":{"line":181,"column":42}},{"start":{},"end":{}}],"line":181},"39":{"loc":{"start":{"line":182,"column":16},"end":{"line":182,"column":59}},"type":"if","locations":[{"start":{"line":182,"column":16},"end":{"line":182,"column":59}},{"start":{},"end":{}}],"line":182},"40":{"loc":{"start":{"line":196,"column":12},"end":{"line":202,"column":13}},"type":"if","locations":[{"start":{"line":196,"column":12},"end":{"line":202,"column":13}},{"start":{},"end":{}}],"line":196},"41":{"loc":{"start":{"line":198,"column":16},"end":{"line":198,"column":42}},"type":"if","locations":[{"start":{"line":198,"column":16},"end":{"line":198,"column":42}},{"start":{},"end":{}}],"line":198},"42":{"loc":{"start":{"line":200,"column":16},"end":{"line":200,"column":42}},"type":"if","locations":[{"start":{"line":200,"column":16},"end":{"line":200,"column":42}},{"start":{},"end":{}}],"line":200},"43":{"loc":{"start":{"line":201,"column":16},"end":{"line":201,"column":59}},"type":"if","locations":[{"start":{"line":201,"column":16},"end":{"line":201,"column":59}},{"start":{},"end":{}}],"line":201},"44":{"loc":{"start":{"line":213,"column":12},"end":{"line":221,"column":13}},"type":"if","locations":[{"start":{"line":213,"column":12},"end":{"line":221,"column":13}},{"start":{},"end":{}}],"line":213},"45":{"loc":{"start":{"line":217,"column":16},"end":{"line":217,"column":48}},"type":"if","locations":[{"start":{"line":217,"column":16},"end":{"line":217,"column":48}},{"start":{},"end":{}}],"line":217},"46":{"loc":{"start":{"line":219,"column":16},"end":{"line":219,"column":48}},"type":"if","locations":[{"start":{"line":219,"column":16},"end":{"line":219,"column":48}},{"start":{},"end":{}}],"line":219},"47":{"loc":{"start":{"line":232,"column":12},"end":{"line":232,"column":36}},"type":"if","locations":[{"start":{"line":232,"column":12},"end":{"line":232,"column":36}},{"start":{},"end":{}}],"line":232}},"s":{"0":97,"1":97,"2":97,"3":97,"4":25,"5":89,"6":23,"7":23,"8":66,"9":66,"10":119,"11":19,"12":100,"13":34,"14":66,"15":66,"16":30,"17":36,"18":67,"19":65,"20":2,"21":65,"22":28,"23":37,"24":83,"25":21,"26":62,"27":25,"28":37,"29":26,"30":11,"31":12,"32":12,"33":1,"34":11,"35":9,"36":11,"37":5,"38":5,"39":1,"40":5,"41":5,"42":6,"43":4,"44":4,"45":2,"46":2,"47":2,"48":2,"49":29,"50":16,"51":13,"52":13,"53":13,"54":3,"55":28,"56":28,"57":12,"58":12,"59":12,"60":16,"61":4,"62":0,"63":0,"64":0,"65":0,"66":0,"67":0,"68":0,"69":0,"70":0,"71":0,"72":0,"73":0,"74":0,"75":0,"76":0,"77":0,"78":0,"79":0,"80":0,"81":0,"82":0,"83":0,"84":0,"85":0,"86":0,"87":0,"88":0,"89":0,"90":17,"91":11,"92":5,"93":6,"94":6,"95":1,"96":5,"97":5,"98":1,"99":6,"100":39,"101":17,"102":17,"103":1,"104":16,"105":16,"106":1,"107":15,"108":5,"109":6,"110":39,"111":17,"112":17,"113":1,"114":16,"115":16,"116":1,"117":15,"118":5,"119":6,"120":24,"121":11,"122":11,"123":11,"124":4,"125":11,"126":11,"127":5,"128":11,"129":2,"130":7,"131":4,"132":3,"133":3,"134":3,"135":3,"136":3,"137":10,"138":3,"139":3,"140":3,"141":1,"142":1,"143":1},"f":{"0":97,"1":25,"2":89,"3":67,"4":12,"5":9,"6":3,"7":29,"8":4,"9":28,"10":0,"11":0,"12":0,"13":0,"14":0,"15":6,"16":17,"17":6,"18":39,"19":6,"20":39,"21":2,"22":24,"23":1,"24":7},"b":{"0":[23,66],"1":[19,100],"2":[119,49],"3":[34,66],"4":[100,70],"5":[30,36],"6":[65,2],"7":[28,37],"8":[21,62],"9":[83,24],"10":[25,37],"11":[62,33],"12":[26,11],"13":[1,11],"14":[6,3],"15":[5,6],"16":[11,7],"17":[4,2],"18":[6,4],"19":[2,2],"20":[2,2],"21":[3],"22":[16,13],"23":[12,16],"24":[0,0],"25":[0,0],"26":[0,0],"27":[0,0],"28":[0,0],"29":[0,0],"30":[0,0],"31":[0,0],"32":[11,6],"33":[5,6],"34":[1,5],"35":[1,4],"36":[17,22],"37":[1,16],"38":[1,15],"39":[5,10],"40":[17,22],"41":[1,16],"42":[1,15],"43":[5,10],"44":[11,13],"45":[4,7],"46":[5,6],"47":[4,3]},"_coverageSchema":"1a1c01bbd47fc00a2c39e90264f33305004495a9","hash":"42e800a1b44eecd0679ec2c84b0f60ceb3656132"}
}
