TN:
SF:avl tree.js
FN:2,(anonymous_0)
FN:11,(anonymous_1)
FN:21,(anonymous_2)
FN:38,(anonymous_3)
FN:53,(anonymous_4)
FN:57,(anonymous_5)
FN:78,(anonymous_6)
FN:79,hght
FN:88,(anonymous_8)
FN:89,len
FN:101,(anonymous_10)
FN:105,(anonymous_11)
FN:109,(anonymous_12)
FN:124,(anonymous_13)
FN:127,(anonymous_14)
FN:156,(anonymous_15)
FN:157,search
FN:175,(anonymous_17)
FN:176,search
FN:194,(anonymous_19)
FN:195,search
FN:211,(anonymous_21)
FN:212,display
FN:230,(anonymous_23)
FN:231,display
FNF:25
FNH:20
FNDA:97,(anonymous_0)
FNDA:25,(anonymous_1)
FNDA:89,(anonymous_2)
FNDA:67,(anonymous_3)
FNDA:12,(anonymous_4)
FNDA:9,(anonymous_5)
FNDA:3,(anonymous_6)
FNDA:29,hght
FNDA:4,(anonymous_8)
FNDA:28,len
FNDA:0,(anonymous_10)
FNDA:0,(anonymous_11)
FNDA:0,(anonymous_12)
FNDA:0,(anonymous_13)
FNDA:0,(anonymous_14)
FNDA:6,(anonymous_15)
FNDA:17,search
FNDA:6,(anonymous_17)
FNDA:39,search
FNDA:6,(anonymous_19)
FNDA:39,search
FNDA:2,(anonymous_21)
FNDA:24,display
FNDA:1,(anonymous_23)
FNDA:7,display
DA:3,97
DA:4,97
DA:5,97
DA:6,97
DA:12,25
DA:22,89
DA:23,66
DA:24,66
DA:25,119
DA:26,100
DA:27,66
DA:28,66
DA:29,36
DA:39,67
DA:40,2
DA:42,65
DA:43,37
DA:44,83
DA:45,62
DA:46,37
DA:47,11
DA:54,12
DA:55,12
DA:57,11
DA:59,11
DA:60,5
DA:61,5
DA:62,5
DA:64,5
DA:66,6
DA:67,4
DA:68,4
DA:70,2
DA:71,2
DA:75,2
DA:80,29
DA:81,13
DA:82,13
DA:83,13
DA:85,3
DA:90,28
DA:91,28
DA:92,12
DA:93,12
DA:94,12
DA:96,16
DA:98,4
DA:102,0
DA:106,0
DA:110,0
DA:111,0
DA:112,0
DA:113,0
DA:114,0
DA:115,0
DA:116,0
DA:117,0
DA:118,0
DA:119,0
DA:120,0
DA:127,0
DA:129,0
DA:131,0
DA:134,0
DA:135,0
DA:138,0
DA:140,0
DA:141,0
DA:142,0
DA:145,0
DA:158,17
DA:159,11
DA:160,6
DA:161,6
DA:162,5
DA:163,5
DA:166,6
DA:177,39
DA:178,17
DA:179,17
DA:180,16
DA:181,16
DA:182,15
DA:185,6
DA:196,39
DA:197,17
DA:198,17
DA:199,16
DA:200,16
DA:201,15
DA:204,6
DA:213,24
DA:214,11
DA:216,11
DA:217,11
DA:218,11
DA:219,11
DA:220,11
DA:223,2
DA:232,7
DA:233,3
DA:234,3
DA:235,3
DA:236,10
DA:237,3
DA:238,3
DA:239,3
DA:241,1
DA:245,1
DA:246,1
LF:110
LH:87
BRDA:22,0,0,23
BRDA:22,0,1,66
BRDA:25,1,0,19
BRDA:25,1,1,100
BRDA:25,2,0,119
BRDA:25,2,1,49
BRDA:26,3,0,34
BRDA:26,3,1,66
BRDA:26,4,0,100
BRDA:26,4,1,70
BRDA:28,5,0,30
BRDA:28,5,1,36
BRDA:39,6,0,65
BRDA:39,6,1,2
BRDA:42,7,0,28
BRDA:42,7,1,37
BRDA:44,8,0,21
BRDA:44,8,1,62
BRDA:44,9,0,83
BRDA:44,9,1,24
BRDA:45,10,0,25
BRDA:45,10,1,37
BRDA:45,11,0,62
BRDA:45,11,1,33
BRDA:46,12,0,26
BRDA:46,12,1,11
BRDA:55,13,0,1
BRDA:55,13,1,11
BRDA:57,14,0,6
BRDA:57,14,1,3
BRDA:59,15,0,5
BRDA:59,15,1,6
BRDA:59,16,0,11
BRDA:59,16,1,7
BRDA:66,17,0,4
BRDA:66,17,1,2
BRDA:66,18,0,6
BRDA:66,18,1,4
BRDA:67,19,0,2
BRDA:67,19,1,2
BRDA:68,20,0,2
BRDA:68,20,1,2
BRDA:78,21,0,3
BRDA:80,22,0,16
BRDA:80,22,1,13
BRDA:91,23,0,12
BRDA:91,23,1,16
BRDA:111,24,0,0
BRDA:111,24,1,0
BRDA:113,25,0,0
BRDA:113,25,1,0
BRDA:116,26,0,0
BRDA:116,26,1,0
BRDA:117,27,0,0
BRDA:117,27,1,0
BRDA:129,28,0,0
BRDA:129,28,1,0
BRDA:131,29,0,0
BRDA:131,29,1,0
BRDA:138,30,0,0
BRDA:138,30,1,0
BRDA:140,31,0,0
BRDA:140,31,1,0
BRDA:158,32,0,11
BRDA:158,32,1,6
BRDA:159,33,0,5
BRDA:159,33,1,6
BRDA:161,34,0,1
BRDA:161,34,1,5
BRDA:163,35,0,1
BRDA:163,35,1,4
BRDA:177,36,0,17
BRDA:177,36,1,22
BRDA:179,37,0,1
BRDA:179,37,1,16
BRDA:181,38,0,1
BRDA:181,38,1,15
BRDA:182,39,0,5
BRDA:182,39,1,10
BRDA:196,40,0,17
BRDA:196,40,1,22
BRDA:198,41,0,1
BRDA:198,41,1,16
BRDA:200,42,0,1
BRDA:200,42,1,15
BRDA:201,43,0,5
BRDA:201,43,1,10
BRDA:213,44,0,11
BRDA:213,44,1,13
BRDA:217,45,0,4
BRDA:217,45,1,7
BRDA:219,46,0,5
BRDA:219,46,1,6
BRDA:232,47,0,4
BRDA:232,47,1,3
BRF:95
BRH:79
end_of_record
